# JRE version: OpenJDK Runtime Environment (8.0_152-b11) (build 1.8.0_152-release-1024-b11)
# Java VM: OpenJDK 64-Bit Server VM (25.152-b11 mixed mode bsd-amd64 compressed oops)
Heap:
 par new generation   total 39296K, used 27036K [0x0000000791200000, 0x0000000793ca0000, 0x00000007a0c00000)
  eden space 34944K,  65% used [0x0000000791200000, 0x0000000792867510, 0x0000000793420000)
  from space 4352K,  94% used [0x0000000793860000, 0x0000000793c5fc58, 0x0000000793ca0000)
  to   space 4352K,   0% used [0x0000000793420000, 0x0000000793420000, 0x0000000793860000)
 concurrent mark-sweep generation total 274992K, used 208055K [0x00000007a0c00000, 0x00000007b188c000, 0x00000007c0000000)
 Metaspace       used 149273K, capacity 159105K, committed 159240K, reserved 1187840K
  class space    used 18954K, capacity 20998K, committed 21072K, reserved 1048576K
GC Heap History (10 events):
Event: 713.466 GC heap before
{Heap before GC invocations=84 (full 7):
 par new generation   total 39296K, used 39141K [0x0000000791200000, 0x0000000793ca0000, 0x00000007a0c00000)
  eden space 34944K, 100% used [0x0000000791200000, 0x0000000793420000, 0x0000000793420000)
  from space 4352K,  96% used [0x0000000793420000, 0x0000000793839640, 0x0000000793860000)
  to   space 4352K,   0% used [0x0000000793860000, 0x0000000793860000, 0x0000000793ca0000)
 concurrent mark-sweep generation total 274992K, used 202227K [0x00000007a0c00000, 0x00000007b188c000, 0x00000007c0000000)
 Metaspace       used 147855K, capacity 157375K, committed 157448K, reserved 1185792K
  class space    used 18782K, capacity 20803K, committed 20816K, reserved 1048576K
Event: 713.474 GC heap after
Heap after GC invocations=85 (full 7):
 par new generation   total 39296K, used 2538K [0x0000000791200000, 0x0000000793ca0000, 0x00000007a0c00000)
  eden space 34944K,   0% used [0x0000000791200000, 0x0000000791200000, 0x0000000793420000)
  from space 4352K,  58% used [0x0000000793860000, 0x0000000793ada918, 0x0000000793ca0000)
  to   space 4352K,   0% used [0x0000000793420000, 0x0000000793420000, 0x0000000793860000)
 concurrent mark-sweep generation total 274992K, used 204467K [0x00000007a0c00000, 0x00000007b188c000, 0x00000007c0000000)
 Metaspace       used 147855K, capacity 157375K, committed 157448K, reserved 1185792K
  class space    used 18782K, capacity 20803K, committed 20816K, reserved 1048576K
}
Event: 713.740 GC heap before
{Heap before GC invocations=85 (full 7):
 par new generation   total 39296K, used 37482K [0x0000000791200000, 0x0000000793ca0000, 0x00000007a0c00000)
  eden space 34944K, 100% used [0x0000000791200000, 0x0000000793420000, 0x0000000793420000)
  from space 4352K,  58% used [0x0000000793860000, 0x0000000793ada918, 0x0000000793ca0000)
  to   space 4352K,   0% used [0x0000000793420000, 0x0000000793420000, 0x0000000793860000)
 concurrent mark-sweep generation total 274992K, used 204467K [0x00000007a0c00000, 0x00000007b188c000, 0x00000007c0000000)
 Metaspace       used 147873K, capacity 157443K, committed 157704K, reserved 1185792K
  class space    used 18782K, capacity 20803K, committed 20816K, reserved 1048576K
Event: 713.745 GC heap after
Heap after GC invocations=86 (full 7):
 par new generation   total 39296K, used 2632K [0x0000000791200000, 0x0000000793ca0000, 0x00000007a0c00000)
  eden space 34944K,   0% used [0x0000000791200000, 0x0000000791200000, 0x0000000793420000)
  from space 4352K,  60% used [0x0000000793420000, 0x00000007936b2030, 0x0000000793860000)
  to   space 4352K,   0% used [0x0000000793860000, 0x0000000793860000, 0x0000000793ca0000)
 concurrent mark-sweep generation total 274992K, used 204467K [0x00000007a0c00000, 0x00000007b188c000, 0x00000007c0000000)
 Metaspace       used 147873K, capacity 157443K, committed 157704K, reserved 1185792K
  class space    used 18782K, capacity 20803K, committed 20816K, reserved 1048576K
}
Event: 713.975 GC heap before
{Heap before GC invocations=86 (full 7):
 par new generation   total 39296K, used 37576K [0x0000000791200000, 0x0000000793ca0000, 0x00000007a0c00000)
  eden space 34944K, 100% used [0x0000000791200000, 0x0000000793420000, 0x0000000793420000)
  from space 4352K,  60% used [0x0000000793420000, 0x00000007936b2030, 0x0000000793860000)
  to   space 4352K,   0% used [0x0000000793860000, 0x0000000793860000, 0x0000000793ca0000)
 concurrent mark-sweep generation total 274992K, used 204467K [0x00000007a0c00000, 0x00000007b188c000, 0x00000007c0000000)
 Metaspace       used 148022K, capacity 157561K, committed 157832K, reserved 1185792K
  class space    used 18798K, capacity 20840K, committed 20944K, reserved 1048576K
Event: 713.983 GC heap after
Heap after GC invocations=87 (full 7):
 par new generation   total 39296K, used 4352K [0x0000000791200000, 0x0000000793ca0000, 0x00000007a0c00000)
  eden space 34944K,   0% used [0x0000000791200000, 0x0000000791200000, 0x0000000793420000)
  from space 4352K, 100% used [0x0000000793860000, 0x0000000793ca0000, 0x0000000793ca0000)
  to   space 4352K,   0% used [0x0000000793420000, 0x0000000793420000, 0x0000000793860000)
 concurrent mark-sweep generation total 274992K, used 204726K [0x00000007a0c00000, 0x00000007b188c000, 0x00000007c0000000)
 Metaspace       used 148022K, capacity 157561K, committed 157832K, reserved 1185792K
  class space    used 18798K, capacity 20840K, committed 20944K, reserved 1048576K
}
Event: 714.106 GC heap before
{Heap before GC invocations=87 (full 7):
 par new generation   total 39296K, used 39296K [0x0000000791200000, 0x0000000793ca0000, 0x00000007a0c00000)
  eden space 34944K, 100% used [0x0000000791200000, 0x0000000793420000, 0x0000000793420000)
  from space 4352K, 100% used [0x0000000793860000, 0x0000000793ca0000, 0x0000000793ca0000)
  to   space 4352K,   0% used [0x0000000793420000, 0x0000000793420000, 0x0000000793860000)
 concurrent mark-sweep generation total 274992K, used 204726K [0x00000007a0c00000, 0x00000007b188c000, 0x00000007c0000000)
 Metaspace       used 148187K, capacity 157797K, committed 158088K, reserved 1185792K
  class space    used 18817K, capacity 20848K, committed 20944K, reserved 1048576K
Event: 714.114 GC heap after
Heap after GC invocations=88 (full 7):
 par new generation   total 39296K, used 3714K [0x0000000791200000, 0x0000000793ca0000, 0x00000007a0c00000)
  eden space 34944K,   0% used [0x0000000791200000, 0x0000000791200000, 0x0000000793420000)
  from space 4352K,  85% used [0x0000000793420000, 0x00000007937c08b0, 0x0000000793860000)
  to   space 4352K,   0% used [0x0000000793860000, 0x0000000793860000, 0x0000000793ca0000)
 concurrent mark-sweep generation total 274992K, used 208055K [0x00000007a0c00000, 0x00000007b188c000, 0x00000007c0000000)
 Metaspace       used 148187K, capacity 157797K, committed 158088K, reserved 1185792K
  class space    used 18817K, capacity 20848K, committed 20944K, reserved 1048576K
}
Event: 714.374 GC heap before
{Heap before GC invocations=88 (full 7):
 par new generation   total 39296K, used 38658K [0x0000000791200000, 0x0000000793ca0000, 0x00000007a0c00000)
  eden space 34944K, 100% used [0x0000000791200000, 0x0000000793420000, 0x0000000793420000)
  from space 4352K,  85% used [0x0000000793420000, 0x00000007937c08b0, 0x0000000793860000)
  to   space 4352K,   0% used [0x0000000793860000, 0x0000000793860000, 0x0000000793ca0000)
 concurrent mark-sweep generation total 274992K, used 208055K [0x00000007a0c00000, 0x00000007b188c000, 0x00000007c0000000)
 Metaspace       used 148715K, capacity 158333K, committed 158600K, reserved 1187840K
  class space    used 18879K, capacity 20904K, committed 20944K, reserved 1048576K
Event: 714.380 GC heap after
Heap after GC invocations=89 (full 7):
 par new generation   total 39296K, used 4095K [0x0000000791200000, 0x0000000793ca0000, 0x00000007a0c00000)
  eden space 34944K,   0% used [0x0000000791200000, 0x0000000791200000, 0x0000000793420000)
  from space 4352K,  94% used [0x0000000793860000, 0x0000000793c5fc58, 0x0000000793ca0000)
  to   space 4352K,   0% used [0x0000000793420000, 0x0000000793420000, 0x0000000793860000)
 concurrent mark-sweep generation total 274992K, used 208055K [0x00000007a0c00000, 0x00000007b188c000, 0x00000007c0000000)
 Metaspace       used 148715K, capacity 158333K, committed 158600K, reserved 1187840K
  class space    used 18879K, capacity 20904K, committed 20944K, reserved 1048576K
}

